#
# There is insufficient memory for the Java Runtime Environment to continue.
# Native memory allocation (mmap) failed to map 199229440 bytes for G1 virtual space
# Possible reasons:
#   The system is out of physical RAM or swap space
#   The process is running with CompressedOops enabled, and the Java Heap may be blocking the growth of the native heap
# Possible solutions:
#   Reduce memory load on the system
#   Increase physical memory or swap space
#   Check if swap backing store is full
#   Decrease Java heap size (-Xmx/-Xms)
#   Decrease number of Java threads
#   Decrease Java thread stack sizes (-Xss)
#   Set larger code cache with -XX:ReservedCodeCacheSize=
#   JVM is running with Zero Based Compressed Oops mode in which the Java heap is
#     placed in the first 32GB address space. The Java Heap base address is the
#     maximum limit for the native heap growth. Please use -XX:HeapBaseMinAddress
#     to set the Java Heap base and to place the Java Heap above 32GB virtual address.
# This output file may be truncated or incomplete.
#
#  Out of Memory Error (os_windows.cpp:3771), pid=19736, tid=3528
#
# JRE version:  (17.0.7+10) (build )
# Java VM: OpenJDK 64-Bit Server VM (17.0.7+10-b829.16, mixed mode, sharing, tiered, compressed oops, compressed class ptrs, g1 gc, windows-amd64)
# No core dump will be written. Minidumps are not enabled by default on client versions of Windows
#

---------------  S U M M A R Y ------------

Command Line: git4idea.http.GitAskPassApp Username for 'https://github.com': 

Host: Intel(R) Core(TM) i5-10210U CPU @ 1.60GHz, 8 cores, 11G,  Windows 11 , 64 bit Build 22621 (10.0.22621.3374)
Time: Mon May  6 23:38:14 2024 Sri Lanka Standard Time elapsed time: 0.299639 seconds (0d 0h 0m 0s)

---------------  T H R E A D  ---------------

Current thread (0x000002bcd3701e10):  JavaThread "Unknown thread" [_thread_in_vm, id=3528, stack(0x000000bf4db00000,0x000000bf4dc00000)]

Stack: [0x000000bf4db00000,0x000000bf4dc00000]
Native frames: (J=compiled Java code, j=interpreted, Vv=VM code, C=native code)
V  [jvm.dll+0x683cca]
V  [jvm.dll+0x8424b4]
V  [jvm.dll+0x843cae]
V  [jvm.dll+0x844313]
V  [jvm.dll+0x24ad2f]
V  [jvm.dll+0x680b99]
V  [jvm.dll+0x67526a]
V  [jvm.dll+0x30b3cb]
V  [jvm.dll+0x312876]
V  [jvm.dll+0x36221e]
V  [jvm.dll+0x36244f]
V  [jvm.dll+0x2e14a8]
V  [jvm.dll+0x2e2414]
V  [jvm.dll+0x814441]
V  [jvm.dll+0x36ffe1]
V  [jvm.dll+0x7f3a1c]
V  [jvm.dll+0x3f305f]
V  [jvm.dll+0x3f4b91]
C  [jli.dll+0x528f]
C  [ucrtbase.dll+0x29333]
C  [KERNEL32.DLL+0x1257d]
C  [ntdll.dll+0x5aa48]


---------------  P R O C E S S  ---------------

Threads class SMR info:
_java_thread_list=0x00007ff88531b098, length=0, elements={
}

Java Threads: ( => current thread )

Other Threads:
  0x000002bcd375ab60 GCTaskThread "GC Thread#0" [stack: 0x000000bf4dc00000,0x000000bf4dd00000] [id=14716]
  0x000002bcd37677a0 ConcurrentGCThread "G1 Main Marker" [stack: 0x000000bf4dd00000,0x000000bf4de00000] [id=17612]
  0x000002bcd3768950 ConcurrentGCThread "G1 Conc#0" [stack: 0x000000bf4de00000,0x000000bf4df00000] [id=18524]

[error occurred during error reporting (printing all threads), id 0xc0000005, EXCEPTION_ACCESS_VIOLATION (0xc0000005) at pc=0x00007ff884ad2087]

VM state: not at safepoint (not fully initialized)

VM Mutex/Monitor currently owned by a thread:  ([mutex/lock_event])
[0x000002bcd36fc780] Heap_lock - owner thread: 0x000002bcd3701e10

Heap address: 0x0000000743000000, size: 3024 MB, Compressed Oops mode: Zero based, Oop shift amount: 3

CDS archive(s) mapped at: [0x0000000000000000-0x0000000000000000-0x0000000000000000), size 0, SharedBaseAddress: 0x0000000800000000, ArchiveRelocationMode: 0.
Narrow klass base: 0x0000000000000000, Narrow klass shift: 0, Narrow klass range: 0x0

GC Precious Log:
<Empty>

Heap:
 garbage-first heap   total 0K, used 0K [0x0000000743000000, 0x0000000800000000)
  region size 2048K, 0 young (0K), 0 survivors (0K)

[error occurred during error reporting (printing heap information), id 0xc0000005, EXCEPTION_ACCESS_VIOLATION (0xc0000005) at pc=0x00007ff884ebdf59]

GC Heap History (0 events):
No events

Dll operation events (1 events):
Event: 0.007 Loaded shared library C:\Program Files\JetBrains\IntelliJ IDEA 2023.1.4\jbr\bin\java.dll

Deoptimization events (0 events):
No events

Classes unloaded (0 events):
No events

Classes redefined (0 events):
No events

Internal exceptions (0 events):
No events

VM Operations (0 events):
No events

Events (0 events):
No events


Dynamic libraries:
0x00007ff6e4ae0000 - 0x00007ff6e4aea000 	C:\Program Files\JetBrains\IntelliJ IDEA 2023.1.4\jbr\bin\java.exe
0x00007ff8de770000 - 0x00007ff8de986000 	C:\WINDOWS\SYSTEM32\ntdll.dll
0x00007ff8dd9d0000 - 0x00007ff8dda94000 	C:\WINDOWS\System32\KERNEL32.DLL
0x00007ff8dbc20000 - 0x00007ff8dbfc7000 	C:\WINDOWS\System32\KERNELBASE.dll
0x00007ff8dc350000 - 0x00007ff8dc461000 	C:\WINDOWS\System32\ucrtbase.dll
0x00007ff8c6730000 - 0x00007ff8c6747000 	C:\Program Files\JetBrains\IntelliJ IDEA 2023.1.4\jbr\bin\jli.dll
0x00007ff89d930000 - 0x00007ff89d94b000 	C:\Program Files\JetBrains\IntelliJ IDEA 2023.1.4\jbr\bin\VCRUNTIME140.dll
0x00007ff8dd480000 - 0x00007ff8dd62e000 	C:\WINDOWS\System32\USER32.dll
0x00007ff8dc470000 - 0x00007ff8dc496000 	C:\WINDOWS\System32\win32u.dll
0x00007ff8be3b0000 - 0x00007ff8be643000 	C:\WINDOWS\WinSxS\amd64_microsoft.windows.common-controls_6595b64144ccf1df_6.0.22621.3235_none_270f74e173860f98\COMCTL32.dll
0x00007ff8dd280000 - 0x00007ff8dd2a9000 	C:\WINDOWS\System32\GDI32.dll
0x00007ff8de540000 - 0x00007ff8de5e7000 	C:\WINDOWS\System32\msvcrt.dll
0x00007ff8dba90000 - 0x00007ff8dbba9000 	C:\WINDOWS\System32\gdi32full.dll
0x00007ff8dc1f0000 - 0x00007ff8dc28a000 	C:\WINDOWS\System32\msvcp_win.dll
0x00007ff8dd240000 - 0x00007ff8dd271000 	C:\WINDOWS\System32\IMM32.DLL
0x00007ff8d8a50000 - 0x00007ff8d8a5c000 	C:\Program Files\JetBrains\IntelliJ IDEA 2023.1.4\jbr\bin\vcruntime140_1.dll
0x00007ff895c90000 - 0x00007ff895d1d000 	C:\Program Files\JetBrains\IntelliJ IDEA 2023.1.4\jbr\bin\msvcp140.dll
0x00007ff8847e0000 - 0x00007ff88544e000 	C:\Program Files\JetBrains\IntelliJ IDEA 2023.1.4\jbr\bin\server\jvm.dll
0x00007ff8de160000 - 0x00007ff8de212000 	C:\WINDOWS\System32\ADVAPI32.dll
0x00007ff8dc650000 - 0x00007ff8dc6f8000 	C:\WINDOWS\System32\sechost.dll
0x00007ff8dbfd0000 - 0x00007ff8dbff8000 	C:\WINDOWS\System32\bcrypt.dll
0x00007ff8dcf60000 - 0x00007ff8dd075000 	C:\WINDOWS\System32\RPCRT4.dll
0x00007ff8bd450000 - 0x00007ff8bd459000 	C:\WINDOWS\SYSTEM32\WSOCK32.dll
0x00007ff8d1a80000 - 0x00007ff8d1a8a000 	C:\WINDOWS\SYSTEM32\VERSION.dll
0x00007ff8d5000000 - 0x00007ff8d5034000 	C:\WINDOWS\SYSTEM32\WINMM.dll
0x00007ff8de220000 - 0x00007ff8de291000 	C:\WINDOWS\System32\WS2_32.dll
0x00007ff8daad0000 - 0x00007ff8daae8000 	C:\WINDOWS\SYSTEM32\kernel.appcore.dll
0x00007ff8d6040000 - 0x00007ff8d604a000 	C:\Program Files\JetBrains\IntelliJ IDEA 2023.1.4\jbr\bin\jimage.dll
0x00007ff8d93d0000 - 0x00007ff8d9603000 	C:\WINDOWS\SYSTEM32\DBGHELP.DLL
0x00007ff8dd640000 - 0x00007ff8dd9c8000 	C:\WINDOWS\System32\combase.dll
0x00007ff8de5f0000 - 0x00007ff8de6c7000 	C:\WINDOWS\System32\OLEAUT32.dll
0x00007ff8c0840000 - 0x00007ff8c0872000 	C:\WINDOWS\SYSTEM32\dbgcore.DLL
0x00007ff8dc000000 - 0x00007ff8dc079000 	C:\WINDOWS\System32\bcryptPrimitives.dll
0x00007ff8d5bf0000 - 0x00007ff8d5c15000 	C:\Program Files\JetBrains\IntelliJ IDEA 2023.1.4\jbr\bin\java.dll

dbghelp: loaded successfully - version: 4.0.5 - missing functions: none
symbol engine: initialized successfully - sym options: 0x614 - pdb path: .;C:\Program Files\JetBrains\IntelliJ IDEA 2023.1.4\jbr\bin;C:\WINDOWS\SYSTEM32;C:\WINDOWS\WinSxS\amd64_microsoft.windows.common-controls_6595b64144ccf1df_6.0.22621.3235_none_270f74e173860f98;C:\Program Files\JetBrains\IntelliJ IDEA 2023.1.4\jbr\bin\server

VM Arguments:
java_command: git4idea.http.GitAskPassApp Username for 'https://github.com': 
java_class_path (initial): C:/Program Files/JetBrains/IntelliJ IDEA 2023.1.4/plugins/vcs-git/lib/git4idea-rt.jar;C:/Program Files/JetBrains/IntelliJ IDEA 2023.1.4/lib/externalProcess-rt.jar
Launcher Type: SUN_STANDARD

[Global flags]
     intx CICompilerCount                          = 4                                         {product} {ergonomic}
     uint ConcGCThreads                            = 2                                         {product} {ergonomic}
     uint G1ConcRefinementThreads                  = 8                                         {product} {ergonomic}
   size_t G1HeapRegionSize                         = 2097152                                   {product} {ergonomic}
    uintx GCDrainStackTargetSize                   = 64                                        {product} {ergonomic}
   size_t InitialHeapSize                          = 199229440                                 {product} {ergonomic}
   size_t MarkStackSize                            = 4194304                                   {product} {ergonomic}
   size_t MaxHeapSize                              = 3170893824                                {product} {ergonomic}
   size_t MinHeapDeltaBytes                        = 2097152                                   {product} {ergonomic}
   size_t MinHeapSize                              = 8388608                                   {product} {ergonomic}
    uintx NonNMethodCodeHeapSize                   = 5839372                                {pd product} {ergonomic}
    uintx NonProfiledCodeHeapSize                  = 122909434                              {pd product} {ergonomic}
    uintx ProfiledCodeHeapSize                     = 122909434                              {pd product} {ergonomic}
    uintx ReservedCodeCacheSize                    = 251658240                              {pd product} {ergonomic}
     bool SegmentedCodeCache                       = true                                      {product} {ergonomic}
   size_t SoftMaxHeapSize                          = 3170893824                             {manageable} {ergonomic}
     bool UseCompressedClassPointers               = true                           {product lp64_product} {ergonomic}
     bool UseCompressedOops                        = true                           {product lp64_product} {ergonomic}
     bool UseG1GC                                  = true                                      {product} {ergonomic}
     bool UseLargePagesIndividualAllocation        = false                                  {pd product} {ergonomic}

Logging:
Log output configuration:
 #0: stdout all=warning uptime,level,tags
 #1: stderr all=off uptime,level,tags

Environment Variables:
JAVA_HOME=C:\Program Files\Java\jdk-17
PATH=C:\Program Files\Git\mingw64\libexec\git-core;C:\Program Files\Git\mingw64\libexec\git-core;C:\Program Files\Git\mingw64\bin;C:\Program Files\Git\usr\bin;C:\Users\HP\bin;C:\Program Files (x86)\Common Files\Oracle\Java\javapath;C:\Program Files\Microsoft MPI\Bin;C:\Program Files\Java\jdk-17\bin;C:\Program Files\Common Files\Oracle\Java\javapath;C:\WINDOWS\system32;C:\WINDOWS;C:\WINDOWS\System32\Wbem;C:\WINDOWS\System32\WindowsPowerShell\v1.0;C:\WINDOWS\System32\OpenSSH;C:\Program Files (x86)\HP\Common\HPDestPlgIn;C:\Program Files\Git\cmd;C:\Program Files\nodejs;C:\Program Files\MySQL\MySQL Server 8.0\bin;C:\Program Files\Azure Data Studio\bin;C:\Program Files (x86)\Microsoft SQL Server\160\DTS\Binn;C:\Program Files (x86)\Microsoft SQL Server\160\Tools\Binn;C:\Program Files\Microsoft SQL Server\160\Tools\Binn;C:\Program Files\Microsoft SQL Server\Client SDK\ODBC\170\Tools\Binn;C:\Program Files\Microsoft SQL Server\160\DTS\Binn;C:\Program Files\Java\jdk1.8.0_202\bin;C:\Program Files\PostgreSQL\15\bin;C:\Program Files\PostgreSQL\15\lib;C:\Program Files\Java\apache-maven-3.9.6-bin\apache-maven-3.9.6\bin;C:\Program Files\MySQL\MySQL Shell 8.0\bin;C:\Users\HP\AppData\Local\Microsoft\WindowsApps;C:\Program Files (x86)\HP\Common\HPDestPlgIn;C:\Users\HP\AppData\Local\Programs\Microsoft VS Code\bin;C:\Program Files\JetBrains\IntelliJ IDEA 2023.1.4\bin;C:\Users\HP\AppData\Roaming\npm;C:\Program Files\Azure Data Studio\bin;C:\Program Files\Java\apache-maven-3.9.6-bin\apache-maven-3.9.6\bin
USERNAME=HP
DISPLAY=:0.0
LC_ALL=en_US.UTF-8
TERM=xterm-256color
TMPDIR=C:\Users\HP\AppData\Local\Temp
OS=Windows_NT
PROCESSOR_IDENTIFIER=Intel64 Family 6 Model 142 Stepping 12, GenuineIntel
TMP=C:\Users\HP\AppData\Local\Temp
TEMP=C:\Users\HP\AppData\Local\Temp


JNI global refs:

[error occurred during error reporting (JNI global references), id 0xc0000005, EXCEPTION_ACCESS_VIOLATION (0xc0000005) at pc=0x00007ff884897fc0]


---------------  S Y S T E M  ---------------

OS:
 Windows 11 , 64 bit Build 22621 (10.0.22621.3374)
OS uptime: 4 days 9:06 hours

CPU: total 8 (initial active 8) (4 cores per cpu, 2 threads per core) family 6 model 142 stepping 12 microcode 0xf4, cx8, cmov, fxsr, ht, mmx, 3dnowpref, sse, sse2, sse3, ssse3, sse4.1, sse4.2, popcnt, lzcnt, tsc, tscinvbit, avx, avx2, aes, erms, clmul, bmi1, bmi2, adx, fma, vzeroupper, clflush, clflushopt

Memory: 4k page, system-wide physical 12091M (1773M free)
TotalPageFile size 20283M (AvailPageFile size 168M)
current process WorkingSet (physical memory assigned to process): 11M, peak: 11M
current process commit charge ("private bytes"): 60M, peak: 250M

vm_info: OpenJDK 64-Bit Server VM (17.0.7+10-b829.16) for windows-amd64 JRE (17.0.7+10-b829.16), built on 2023-06-02 by "builduser" with MS VC++ 16.10 / 16.11 (VS2019)

END.
